<?xml version="1.0" encoding="UTF-8"?>
<testng-results ignored="0" total="1" passed="1" failed="0" skipped="0">
  <reporter-output>
  </reporter-output>
  <suite started-at="2021-01-22T08:53:35Z" name="Default suite" finished-at="2021-01-22T08:53:35Z" duration-ms="70">
    <groups>
    </groups>
    <test started-at="2021-01-22T08:53:35Z" name="Default test" finished-at="2021-01-22T08:53:35Z" duration-ms="70">
      <class name="StudendAPITest.TestClass">
        <test-method signature="getnew()[pri:0, instance:StudendAPITest.TestClass@6c1a5b54]" started-at="2021-01-22T08:53:35Z" name="getnew" finished-at="2021-01-22T08:53:35Z" duration-ms="21" status="PASS">
          <reporter-output>
          </reporter-output>
        </test-method> <!-- getnew -->
      </class> <!-- StudendAPITest.TestClass -->
    </test> <!-- Default test -->
  </suite> <!-- Default suite -->
</testng-results>
